== 05-conjugate-updating.md: 16 runnable blocks ==
  block  1 (L  13) ok in    2.6s
  block  2 (L  54) ok in    0.5s
  block  3 (L  93) ok in    0.0s
  block  4 (L 137) ok in    0.4s
  block  5 (L 179) ok in    0.3s
  block  6 (L 224) ok in    0.0s
  block  7 (L 239) ok in    0.8s
  block  8 (L 285) ok in    0.0s
  block  9 (L 305) ok in    0.0s
  block 10 (L 322) ok in    0.4s
  block 11 (L 365) ok in    0.7s
  block 12 (L 411) ok in    2.8s
  block 13 (L 477) ok in    0.0s
  block 14 (L 496) ok in    0.0s
  block 15 (L 513) ok in    0.0s
  block 16 (L 532) ok in    0.0s
PASS in 8.6s (4188 prose words, 16 blocks, 7 figs referenced)
== 06-estimates-are-decisions.md: 13 runnable blocks ==
  block  1 (L  13) ok in    2.1s
  block  2 (L  58) ok in    0.4s
  block  3 (L 108) ok in    0.4s
  block  4 (L 140) ok in    0.0s
  block  5 (L 154) ok in    4.7s
  block  6 (L 208) ok in    1.4s
  block  7 (L 247) ok in    7.2s
  block  8 (L 288) ok in    1.5s
  block  9 (L 356) ok in    0.0s
  block 10 (L 376) ok in    0.0s
  block 11 (L 398) ok in    0.0s
  block 12 (L 414) ok in    0.0s
  block 13 (L 432) ok in    0.0s
PASS in 17.7s (4741 prose words, 13 blocks, 5 figs referenced)
== 07-priors.md: 15 runnable blocks ==
  block  1 (L  13) ok in    5.8s
  block  2 (L  52) ok in    0.0s
  block  3 (L  72) ok in    2.0s
  block  4 (L  99) ok in    0.0s
  block  5 (L 111) ok in    0.5s
  block  6 (L 159) ok in    1.6s
  block  7 (L 195) ok in    0.0s
  block  8 (L 220) ok in    0.9s
  block  9 (L 248) ok in    1.1s
  block 10 (L 285) ok in    0.6s
  block 11 (L 332) ok in    0.0s
  block 12 (L 358) ok in    0.0s
  block 13 (L 377) ok in    0.0s
  block 14 (L 393) ok in    0.0s
  block 15 (L 412) ok in    0.0s
PASS in 12.5s (4209 prose words, 15 blocks, 6 figs referenced)
== 08-frequentist-bridge.md: 16 runnable blocks ==
  block  1 (L  15) ok in    2.3s
  block  2 (L  52) ok in    0.9s
  block  3 (L  80) ok in    0.3s
  block  4 (L 101) ok in    0.1s
  block  5 (L 123) ok in    0.7s
  block  6 (L 154) ok in    0.0s
  block  7 (L 171) ok in    0.2s
  block  8 (L 191) ok in    1.2s
  block  9 (L 232) ok in    0.0s
  block 10 (L 245) ok in    0.0s
  block 11 (L 265) ok in    0.5s
  block 12 (L 311) ok in    0.4s
  block 13 (L 338) ok in    0.0s
  block 14 (L 369) ok in    0.5s
  block 15 (L 391) ok in    0.1s
  block 16 (L 406) ok in    0.3s
PASS in 7.4s (4127 prose words, 16 blocks, 5 figs referenced)
